<?xml version="1.0" encoding="UTF-8"?>
<!-- Generated by org.testng.reporters.JUnitReportReporter -->
<testsuite skipped="0" hostname="TR-GK1F7G3" name="com.inetbanking.testCases.TC_NewCust_004" tests="1" failures="0" timestamp="12 Jul 2022 16:02:36 GMT" time="19.663" errors="0">
  <testcase name="addNewCustomer" time="19.663" classname="com.inetbanking.testCases.TC_NewCust_004"/>
</testsuite> <!-- com.inetbanking.testCases.TC_NewCust_004 -->
