<?xml version="1.0" encoding="UTF-8"?>
<!-- Generated by org.testng.reporters.JUnitReportReporter -->
<testsuite skipped="0" hostname="TR-GK1F7G3" name="com.inetbanking.testCases.TC_AddCustomerTest_003" tests="1" failures="0" timestamp="05 Jul 2022 08:02:26 GMT" time="21.810" errors="0">
  <testcase name="addNewCustomer" time="21.810" classname="com.inetbanking.testCases.TC_AddCustomerTest_003"/>
</testsuite> <!-- com.inetbanking.testCases.TC_AddCustomerTest_003 -->
