<?xml version="1.0" encoding="UTF-8"?>
<!-- Generated by org.testng.reporters.JUnitReportReporter -->
<testsuite skipped="0" hostname="TR-GK1F7G3" name="com.inetbanking.testCases.TC_AddCus_003" tests="1" failures="0" timestamp="06 Jul 2022 11:31:01 GMT" time="19.886" errors="0">
  <testcase name="addNewCustomer" time="19.886" classname="com.inetbanking.testCases.TC_AddCus_003"/>
</testsuite> <!-- com.inetbanking.testCases.TC_AddCus_003 -->
