<?xml version="1.0" encoding="UTF-8"?>
<!-- Generated by org.testng.reporters.JUnitReportReporter -->
<testsuite skipped="0" hostname="TR-GK1F7G3" name="com.inetbanking.testCases.TC_AddCust_003" tests="1" failures="0" timestamp="05 Jul 2022 11:10:33 GMT" time="18.510" errors="0">
  <testcase name="addNewCustomer" time="18.510" classname="com.inetbanking.testCases.TC_AddCust_003"/>
</testsuite> <!-- com.inetbanking.testCases.TC_AddCust_003 -->
