<?xml version="1.0" encoding="UTF-8"?>
<!-- Generated by org.testng.reporters.JUnitReportReporter -->
<testsuite skipped="0" hostname="TR-GK1F7G3" name="com.inetbanking.testCases.TC_LoginTest_001" tests="1" failures="0" timestamp="13 Jul 2022 12:44:04 GMT" time="3.398" errors="0">
  <testcase name="loginTest" time="3.398" classname="com.inetbanking.testCases.TC_LoginTest_001"/>
</testsuite> <!-- com.inetbanking.testCases.TC_LoginTest_001 -->
